<?xml version="1.0" encoding="UTF-8"?>
<testng-results ignored="0" total="4" passed="4" failed="0" skipped="0">
  <reporter-output>
  </reporter-output>
  <suite started-at="2024-04-21T04:46:34Z" name="Suite" finished-at="2024-04-21T04:47:27Z" duration-ms="53012">
    <groups>
    </groups>
    <test started-at="2024-04-21T04:46:34Z" name="Test" finished-at="2024-04-21T04:47:27Z" duration-ms="53012">
      <class name="tests.FakePricingPageTest">
        <test-method is-config="true" signature="launchApplication()[pri:0, instance:tests.FakePricingPageTest@7582ff54]" started-at="2024-04-21T04:47:10Z" name="launchApplication" finished-at="2024-04-21T04:47:16Z" duration-ms="5462" status="PASS">
          <reporter-output>
          </reporter-output>
        </test-method> <!-- launchApplication -->
        <test-method signature="VerifyNotAvailableBenefitForEachModel()[pri:0, instance:tests.FakePricingPageTest@7582ff54]" started-at="2024-04-21T04:47:16Z" name="VerifyNotAvailableBenefitForEachModel" finished-at="2024-04-21T04:47:18Z" duration-ms="2184" status="PASS">
          <reporter-output>
          </reporter-output>
        </test-method> <!-- VerifyNotAvailableBenefitForEachModel -->
        <test-method is-config="true" signature="tearDown()[pri:0, instance:tests.FakePricingPageTest@7582ff54]" started-at="2024-04-21T04:47:18Z" name="tearDown" finished-at="2024-04-21T04:47:19Z" duration-ms="1063" status="PASS">
          <reporter-output>
          </reporter-output>
        </test-method> <!-- tearDown -->
      </class> <!-- tests.FakePricingPageTest -->
      <class name="tests.FillOutFormsTest">
        <test-method is-config="true" signature="launchApplication()[pri:0, instance:tests.FillOutFormsTest@67545b57]" started-at="2024-04-21T04:47:19Z" name="launchApplication" finished-at="2024-04-21T04:47:24Z" duration-ms="5699" status="PASS">
          <reporter-output>
          </reporter-output>
        </test-method> <!-- launchApplication -->
        <test-method signature="VerirySubmitEmtryDataForCaptchaForm()[pri:0, instance:tests.FillOutFormsTest@67545b57]" started-at="2024-04-21T04:47:24Z" name="VerirySubmitEmtryDataForCaptchaForm" finished-at="2024-04-21T04:47:26Z" duration-ms="1166" status="PASS">
          <reporter-output>
          </reporter-output>
        </test-method> <!-- VerirySubmitEmtryDataForCaptchaForm -->
        <test-method is-config="true" signature="tearDown()[pri:0, instance:tests.FillOutFormsTest@67545b57]" started-at="2024-04-21T04:47:26Z" name="tearDown" finished-at="2024-04-21T04:47:27Z" duration-ms="977" status="PASS">
          <reporter-output>
          </reporter-output>
        </test-method> <!-- tearDown -->
      </class> <!-- tests.FillOutFormsTest -->
      <class name="tests.LoginAutomationTest">
        <test-method is-config="true" signature="launchApplication()[pri:0, instance:tests.LoginAutomationTest@8576fa0]" started-at="2024-04-21T04:46:34Z" name="launchApplication" finished-at="2024-04-21T04:46:40Z" duration-ms="6635" status="PASS">
          <reporter-output>
          </reporter-output>
        </test-method> <!-- launchApplication -->
        <test-method signature="VerifyLoginWithEmptyUserNameAndPassword()[pri:0, instance:tests.LoginAutomationTest@8576fa0]" started-at="2024-04-21T04:46:40Z" name="VerifyLoginWithEmptyUserNameAndPassword" finished-at="2024-04-21T04:46:47Z" duration-ms="7182" status="PASS">
          <reporter-output>
          </reporter-output>
        </test-method> <!-- VerifyLoginWithEmptyUserNameAndPassword -->
        <test-method is-config="true" signature="tearDown()[pri:0, instance:tests.LoginAutomationTest@8576fa0]" started-at="2024-04-21T04:46:47Z" name="tearDown" finished-at="2024-04-21T04:46:49Z" duration-ms="1272" status="PASS">
          <reporter-output>
          </reporter-output>
        </test-method> <!-- tearDown -->
        <test-method is-config="true" signature="launchApplication()[pri:0, instance:tests.LoginAutomationTest@8576fa0]" started-at="2024-04-21T04:46:49Z" name="launchApplication" finished-at="2024-04-21T04:46:55Z" duration-ms="6705" status="PASS">
          <reporter-output>
          </reporter-output>
        </test-method> <!-- launchApplication -->
        <test-method signature="VerifySignUpSuccessfully()[pri:0, instance:tests.LoginAutomationTest@8576fa0]" started-at="2024-04-21T04:46:55Z" name="VerifySignUpSuccessfully" finished-at="2024-04-21T04:47:09Z" duration-ms="13237" status="PASS">
          <reporter-output>
          </reporter-output>
        </test-method> <!-- VerifySignUpSuccessfully -->
        <test-method is-config="true" signature="tearDown()[pri:0, instance:tests.LoginAutomationTest@8576fa0]" started-at="2024-04-21T04:47:09Z" name="tearDown" finished-at="2024-04-21T04:47:10Z" duration-ms="1406" status="PASS">
          <reporter-output>
          </reporter-output>
        </test-method> <!-- tearDown -->
      </class> <!-- tests.LoginAutomationTest -->
    </test> <!-- Test -->
  </suite> <!-- Suite -->
</testng-results>
