<?xml version="1.0" encoding="UTF-8"?>
<!-- Generated by org.testng.reporters.JUnitXMLReporter -->
<testsuite ignored="1" hostname="lapdell-0235" failures="0" tests="1" name="Default test" time="15.697" errors="0" timestamp="20 Apr 2024 07:16:10 GMT">
  <testcase classname="tests.LoginAutomationTest" name="VerifyLoginWithEmptyUserNameAndPassword" time="7.272"/>
  <testcase classname="tests.LoginAutomationTest" name="SignUpSuccessfully" time="0.0">
    <ignored/>
  </testcase> <!-- SignUpSuccessfully -->
</testsuite> <!-- Default test -->
